<?xml version="1.0" encoding="UTF-8"?>
<!-- Generated by org.testng.reporters.JUnitXMLReporter -->
<testsuite ignored="0" hostname="DESKTOP-JLD6EGK" failures="0" tests="19" name="Default test" time="54.392" errors="0" timestamp="2024-05-05T20:20:15 IST">
  <testcase classname="Tests.Homepagetest" name="exceldata" time="12.02"/>
  <testcase classname="Tests.Homepagetest" name="Enterlocation" time="1.686"/>
  <testcase classname="Tests.Homepagetest" name="SelectDropdown" time="0.899"/>
  <testcase classname="Tests.Homepagetest" name="side" time="8.573"/>
  <testcase classname="Tests.Homepagetest" name="txt" time="0.588"/>
  <testcase classname="Tests.Homepagetest" name="checkprice" time="0.831"/>
  <testcase classname="Tests.Homepagetest" name="drinkspage" time="1.125"/>
  <testcase classname="Tests.Homepagetest" name="drinkspage1" time="1.996"/>
  <testcase classname="Tests.Homepagetest" name="btncheckout" time="2.085"/>
  <testcase classname="Tests.Homepagetest" name="radioselect" time="0.663"/>
  <testcase classname="Tests.Homepagetest" name="cashselect" time="0.42"/>
  <testcase classname="Tests.Homepagetest" name="checkboxselection" time="0.034"/>
  <testcase classname="Tests.Homepagetest" name="persondetails" time="1.135"/>
  <testcase classname="Tests.Homepagetest" name="card" time="1.563"/>
  <testcase classname="Tests.Homepagetest" name="voucherlink" time="0.409"/>
  <testcase classname="Tests.Homepagetest" name="enterdetails" time="0.396"/>
  <testcase classname="Tests.Homepagetest" name="errormessage" time="0.999"/>
  <testcase classname="Tests.Homepagetest" name="crossbtn" time="0.492"/>
  <testcase classname="Tests.Homepagetest" name="navigatetopage" time="0.036"/>
</testsuite> <!-- Default test -->
