<?xml version="1.0" encoding="UTF-8"?>
<!-- Generated by org.testng.reporters.JUnitXMLReporter -->
<testsuite ignored="0" hostname="DESKTOP-JLD6EGK" failures="0" tests="19" name="Homepagetest" time="34.197" errors="0" timestamp="2024-04-21T17:04:57 IST">
  <testcase classname="Tests.Homepagetest" name="exceldata" time="13.657"/>
  <testcase classname="Tests.Homepagetest" name="Enterlocation" time="1.09"/>
  <testcase classname="Tests.Homepagetest" name="SelectDropdown" time="1.756"/>
  <testcase classname="Tests.Homepagetest" name="side" time="6.806"/>
  <testcase classname="Tests.Homepagetest" name="txt" time="0.401"/>
  <testcase classname="Tests.Homepagetest" name="checkprice" time="0.356"/>
  <testcase classname="Tests.Homepagetest" name="drinkspage" time="0.763"/>
  <testcase classname="Tests.Homepagetest" name="drinkspage1" time="0.975"/>
  <testcase classname="Tests.Homepagetest" name="btncheckout" time="0.921"/>
  <testcase classname="Tests.Homepagetest" name="radioselect" time="0.024"/>
  <testcase classname="Tests.Homepagetest" name="cashselect" time="0.415"/>
  <testcase classname="Tests.Homepagetest" name="checkboxselection" time="0.044"/>
  <testcase classname="Tests.Homepagetest" name="persondetails" time="0.942"/>
  <testcase classname="Tests.Homepagetest" name="card" time="0.871"/>
  <testcase classname="Tests.Homepagetest" name="voucherlink" time="0.582"/>
  <testcase classname="Tests.Homepagetest" name="enterdetails" time="0.427"/>
  <testcase classname="Tests.Homepagetest" name="errormessage" time="0.814"/>
  <testcase classname="Tests.Homepagetest" name="crossbtn" time="0.37"/>
  <testcase classname="Tests.Homepagetest" name="navigatetopage" time="0.021"/>
</testsuite> <!-- Homepagetest -->
